<?xml version="1.0" encoding="UTF-8"?>
<testng-results ignored="0" total="5" passed="5" failed="0" skipped="0">
  <reporter-output>
  </reporter-output>
  <suite started-at="2024-12-26T10:39:23 IST" name="Parallel Tests" finished-at="2024-12-26T10:40:10 IST" duration-ms="46480">
    <groups>
    </groups>
    <test started-at="2024-12-26T10:39:23 IST" name="Mobile Chrome" finished-at="2024-12-26T10:39:44 IST" duration-ms="20852">
      <class name="test.BrowserStackTest">
        <test-method signature="runTest(java.lang.String,java.lang.String,java.lang.String,java.lang.String,java.lang.String,boolean)[pri:0, instance:test.BrowserStackTest@4c1909a3]" started-at="2024-12-26T10:39:23 IST" name="runTest" finished-at="2024-12-26T10:39:43 IST" duration-ms="19572" status="PASS">
          <params>
            <param index="0">
              <value>
                <![CDATA[Android]]>
              </value>
            </param>
            <param index="1">
              <value>
                <![CDATA[12.0]]>
              </value>
            </param>
            <param index="2">
              <value>
                <![CDATA[]]>
              </value>
            </param>
            <param index="3">
              <value>
                <![CDATA[]]>
              </value>
            </param>
            <param index="4">
              <value>
                <![CDATA[Samsung Galaxy S22]]>
              </value>
            </param>
            <param index="5">
              <value>
                <![CDATA[true]]>
              </value>
            </param>
          </params>
          <reporter-output>
          </reporter-output>
        </test-method> <!-- runTest -->
        <test-method is-config="true" signature="tearDown()[pri:0, instance:test.BrowserStackTest@4c1909a3]" started-at="2024-12-26T10:39:43 IST" name="tearDown" finished-at="2024-12-26T10:39:44 IST" duration-ms="1241" status="PASS">
          <reporter-output>
          </reporter-output>
        </test-method> <!-- tearDown -->
      </class> <!-- test.BrowserStackTest -->
    </test> <!-- Mobile Chrome -->
    <test started-at="2024-12-26T10:39:23 IST" name="Mobile Safari" finished-at="2024-12-26T10:39:57 IST" duration-ms="33468">
      <class name="test.BrowserStackTest">
        <test-method signature="runTest(java.lang.String,java.lang.String,java.lang.String,java.lang.String,java.lang.String,boolean)[pri:0, instance:test.BrowserStackTest@1151e434]" started-at="2024-12-26T10:39:23 IST" name="runTest" finished-at="2024-12-26T10:39:56 IST" duration-ms="32182" status="PASS">
          <params>
            <param index="0">
              <value>
                <![CDATA[iOS]]>
              </value>
            </param>
            <param index="1">
              <value>
                <![CDATA[15.0]]>
              </value>
            </param>
            <param index="2">
              <value>
                <![CDATA[]]>
              </value>
            </param>
            <param index="3">
              <value>
                <![CDATA[]]>
              </value>
            </param>
            <param index="4">
              <value>
                <![CDATA[iPhone 13]]>
              </value>
            </param>
            <param index="5">
              <value>
                <![CDATA[true]]>
              </value>
            </param>
          </params>
          <reporter-output>
          </reporter-output>
        </test-method> <!-- runTest -->
        <test-method is-config="true" signature="tearDown()[pri:0, instance:test.BrowserStackTest@1151e434]" started-at="2024-12-26T10:39:56 IST" name="tearDown" finished-at="2024-12-26T10:39:57 IST" duration-ms="1251" status="PASS">
          <reporter-output>
          </reporter-output>
        </test-method> <!-- tearDown -->
      </class> <!-- test.BrowserStackTest -->
    </test> <!-- Mobile Safari -->
    <test started-at="2024-12-26T10:39:23 IST" name="Desktop Firefox" finished-at="2024-12-26T10:40:01 IST" duration-ms="37907">
      <class name="test.BrowserStackTest">
        <test-method signature="runTest(java.lang.String,java.lang.String,java.lang.String,java.lang.String,java.lang.String,boolean)[pri:0, instance:test.BrowserStackTest@26e356f0]" started-at="2024-12-26T10:39:23 IST" name="runTest" finished-at="2024-12-26T10:40:00 IST" duration-ms="36555" status="PASS">
          <params>
            <param index="0">
              <value>
                <![CDATA[Windows]]>
              </value>
            </param>
            <param index="1">
              <value>
                <![CDATA[10]]>
              </value>
            </param>
            <param index="2">
              <value>
                <![CDATA[Firefox]]>
              </value>
            </param>
            <param index="3">
              <value>
                <![CDATA[latest]]>
              </value>
            </param>
            <param index="4">
              <value>
                <![CDATA[]]>
              </value>
            </param>
            <param index="5">
              <value>
                <![CDATA[false]]>
              </value>
            </param>
          </params>
          <reporter-output>
          </reporter-output>
        </test-method> <!-- runTest -->
        <test-method is-config="true" signature="tearDown()[pri:0, instance:test.BrowserStackTest@26e356f0]" started-at="2024-12-26T10:40:00 IST" name="tearDown" finished-at="2024-12-26T10:40:01 IST" duration-ms="1317" status="PASS">
          <reporter-output>
          </reporter-output>
        </test-method> <!-- tearDown -->
      </class> <!-- test.BrowserStackTest -->
    </test> <!-- Desktop Firefox -->
    <test started-at="2024-12-26T10:39:23 IST" name="Desktop Chrome" finished-at="2024-12-26T10:40:02 IST" duration-ms="39050">
      <class name="test.BrowserStackTest">
        <test-method signature="runTest(java.lang.String,java.lang.String,java.lang.String,java.lang.String,java.lang.String,boolean)[pri:0, instance:test.BrowserStackTest@71238fc2]" started-at="2024-12-26T10:39:23 IST" name="runTest" finished-at="2024-12-26T10:40:01 IST" duration-ms="37422" status="PASS">
          <params>
            <param index="0">
              <value>
                <![CDATA[Windows]]>
              </value>
            </param>
            <param index="1">
              <value>
                <![CDATA[10]]>
              </value>
            </param>
            <param index="2">
              <value>
                <![CDATA[Chrome]]>
              </value>
            </param>
            <param index="3">
              <value>
                <![CDATA[latest]]>
              </value>
            </param>
            <param index="4">
              <value>
                <![CDATA[]]>
              </value>
            </param>
            <param index="5">
              <value>
                <![CDATA[false]]>
              </value>
            </param>
          </params>
          <reporter-output>
          </reporter-output>
        </test-method> <!-- runTest -->
        <test-method is-config="true" signature="tearDown()[pri:0, instance:test.BrowserStackTest@71238fc2]" started-at="2024-12-26T10:40:01 IST" name="tearDown" finished-at="2024-12-26T10:40:02 IST" duration-ms="1593" status="PASS">
          <reporter-output>
          </reporter-output>
        </test-method> <!-- tearDown -->
      </class> <!-- test.BrowserStackTest -->
    </test> <!-- Desktop Chrome -->
    <test started-at="2024-12-26T10:39:23 IST" name="Desktop Edge" finished-at="2024-12-26T10:40:10 IST" duration-ms="46480">
      <class name="test.BrowserStackTest">
        <test-method signature="runTest(java.lang.String,java.lang.String,java.lang.String,java.lang.String,java.lang.String,boolean)[pri:0, instance:test.BrowserStackTest@59505b48]" started-at="2024-12-26T10:39:23 IST" name="runTest" finished-at="2024-12-26T10:40:09 IST" duration-ms="45093" status="PASS">
          <params>
            <param index="0">
              <value>
                <![CDATA[Windows]]>
              </value>
            </param>
            <param index="1">
              <value>
                <![CDATA[10]]>
              </value>
            </param>
            <param index="2">
              <value>
                <![CDATA[Edge]]>
              </value>
            </param>
            <param index="3">
              <value>
                <![CDATA[latest]]>
              </value>
            </param>
            <param index="4">
              <value>
                <![CDATA[]]>
              </value>
            </param>
            <param index="5">
              <value>
                <![CDATA[false]]>
              </value>
            </param>
          </params>
          <reporter-output>
          </reporter-output>
        </test-method> <!-- runTest -->
        <test-method is-config="true" signature="tearDown()[pri:0, instance:test.BrowserStackTest@59505b48]" started-at="2024-12-26T10:40:09 IST" name="tearDown" finished-at="2024-12-26T10:40:10 IST" duration-ms="1352" status="PASS">
          <reporter-output>
          </reporter-output>
        </test-method> <!-- tearDown -->
      </class> <!-- test.BrowserStackTest -->
    </test> <!-- Desktop Edge -->
  </suite> <!-- Parallel Tests -->
</testng-results>
